c:\repositories\windowsutils\unmanaged\x64\release\wrapper.pch
c:\repositories\windowsutils\unmanaged\x64\release\vc142.pdb
c:\repositories\windowsutils\unmanaged\x64\release\pch.obj
c:\repositories\windowsutils\unmanaged\x64\release\wrapper.obj
c:\repositories\windowsutils\unmanaged\x64\release\unmanaged.obj
c:\repositories\windowsutils\unmanaged\x64\release\assemblyinfo.obj
c:\repositories\windowsutils\unmanaged\x64\release\.netframework,version=v4.7.2.assemblyattributes.obj
c:\repositories\windowsutils\release\wrapper\wrapper.dll
c:\repositories\windowsutils\release\wrapper\wrapper.pdb
c:\repositories\windowsutils\unmanaged\x64\release\app.res
c:\repositories\windowsutils\release\wrapper\wrapper.lib
c:\repositories\windowsutils\release\wrapper\wrapper.exp
c:\repositories\windowsutils\unmanaged\x64\release\wrapper.tlog\cl.command.1.tlog
c:\repositories\windowsutils\unmanaged\x64\release\wrapper.tlog\cl.read.1.tlog
c:\repositories\windowsutils\unmanaged\x64\release\wrapper.tlog\cl.write.1.tlog
c:\repositories\windowsutils\unmanaged\x64\release\wrapper.tlog\link.command.1.tlog
c:\repositories\windowsutils\unmanaged\x64\release\wrapper.tlog\link.read.1.tlog
c:\repositories\windowsutils\unmanaged\x64\release\wrapper.tlog\link.write.1.tlog
c:\repositories\windowsutils\unmanaged\x64\release\wrapper.tlog\metagen.read.1.tlog
c:\repositories\windowsutils\unmanaged\x64\release\wrapper.tlog\metagen.write.1.tlog
c:\repositories\windowsutils\unmanaged\x64\release\wrapper.tlog\rc.command.1.tlog
c:\repositories\windowsutils\unmanaged\x64\release\wrapper.tlog\rc.read.1.tlog
c:\repositories\windowsutils\unmanaged\x64\release\wrapper.tlog\rc.write.1.tlog
c:\repositories\windowsutils\unmanaged\x64\release\wrapper.tlog\wrapper.write.1u.tlog
