c:\repositories\windowsutils\core\wrapper\x64\debugg\wrapper.pch
c:\repositories\windowsutils\core\wrapper\x64\debugg\vc143.pdb
c:\repositories\windowsutils\core\wrapper\x64\debugg\pch.obj
c:\repositories\windowsutils\core\wrapper\x64\debugg\wrapper.obj
c:\repositories\windowsutils\core\wrapper\x64\debugg\wfp.obj
c:\repositories\windowsutils\core\wrapper\x64\debugg\wts.obj
c:\repositories\windowsutils\core\wrapper\x64\debugg\wbem.obj
c:\repositories\windowsutils\core\wrapper\x64\debugg\utilities.obj
c:\repositories\windowsutils\core\wrapper\x64\debugg\ntutilities.obj
c:\repositories\windowsutils\core\wrapper\x64\debugg\assemblyinfo.obj
c:\repositories\windowsutils\core\wrapper\x64\debugg\.netframework,version=v4.7.2.assemblyattributes.obj
c:\repositories\windowsutils\core\staticdependencies\utilitieslibrary.dll
c:\repositories\windowsutils\core\staticdependencies\wrapper.dll
c:\repositories\windowsutils\core\staticdependencies\utilitieslibrary.pdb
c:\repositories\windowsutils\core\staticdependencies\wrapper.pdb
c:\repositories\windowsutils\core\wrapper\x64\debugg\wrapper.tlog\metagen.write.1.tlog
c:\repositories\windowsutils\core\wrapper\x64\debugg\app.res
c:\repositories\windowsutils\core\wrapper\x64\debugg\unmanaged.vcxproj.assemblyreference.cache
c:\repositories\windowsutils\staticdependencies\wrapper.dll
c:\repositories\windowsutils\core\wrapper\x64\debugg\wrapper.tlog\cl.command.1.tlog
c:\repositories\windowsutils\core\wrapper\x64\debugg\wrapper.tlog\cl.read.1.tlog
c:\repositories\windowsutils\core\wrapper\x64\debugg\wrapper.tlog\cl.write.1.tlog
c:\repositories\windowsutils\core\wrapper\x64\debugg\wrapper.tlog\copylocal.read.1u.tlog
c:\repositories\windowsutils\core\wrapper\x64\debugg\wrapper.tlog\copylocal.write.1u.tlog
c:\repositories\windowsutils\core\wrapper\x64\debugg\wrapper.tlog\link.384-cvtres.read.1.tlog
c:\repositories\windowsutils\core\wrapper\x64\debugg\wrapper.tlog\link.384-cvtres.write.1.tlog
c:\repositories\windowsutils\core\wrapper\x64\debugg\wrapper.tlog\link.384-rc.read.1.tlog
c:\repositories\windowsutils\core\wrapper\x64\debugg\wrapper.tlog\link.384-rc.write.1.tlog
c:\repositories\windowsutils\core\wrapper\x64\debugg\wrapper.tlog\link.384.read.1.tlog
c:\repositories\windowsutils\core\wrapper\x64\debugg\wrapper.tlog\link.384.read.2.tlog
c:\repositories\windowsutils\core\wrapper\x64\debugg\wrapper.tlog\link.384.write.1.tlog
c:\repositories\windowsutils\core\wrapper\x64\debugg\wrapper.tlog\link.command.1.tlog
c:\repositories\windowsutils\core\wrapper\x64\debugg\wrapper.tlog\link.read.1.tlog
c:\repositories\windowsutils\core\wrapper\x64\debugg\wrapper.tlog\link.read.2.tlog
c:\repositories\windowsutils\core\wrapper\x64\debugg\wrapper.tlog\link.write.1.tlog
c:\repositories\windowsutils\core\wrapper\x64\debugg\wrapper.tlog\metagen.read.1.tlog
c:\repositories\windowsutils\core\wrapper\x64\debugg\wrapper.tlog\rc.command.1.tlog
c:\repositories\windowsutils\core\wrapper\x64\debugg\wrapper.tlog\rc.read.1.tlog
c:\repositories\windowsutils\core\wrapper\x64\debugg\wrapper.tlog\rc.write.1.tlog
c:\repositories\windowsutils\core\wrapper\x64\debugg\wrapper.tlog\utilitieslibrary.dll.metagen
